<?xml version="1.0" encoding="UTF-8"?>
<testsuite xmlns:xsi="http://www.w3.org/2001/XMLSchema-instance" xsi:noNamespaceSchemaLocation="https://maven.apache.org/surefire/maven-surefire-plugin/xsd/surefire-test-report.xsd" name="runners.Runner" time="510.496" tests="90" errors="2" skipped="0" failures="0">
  <properties>
[...]
</properties>
  <testcase name="(Deneme API - Kullanıcı Bilgileri)" classname="Deneme API - Kullanıcı Bilgileri" time="5.149">
    <error message="Connection refused: connect" type="java.net.ConnectException">java.net.ConnectException: Connection refused: connect
</error>
  </testcase>
  <testcase name="kullanici bilgilerini alir" classname="Deneme API - Kullanıcı Bilgileri" time="2.139">
    <error message="Connection refused: connect" type="java.net.ConnectException">java.net.ConnectException: Connection refused: connect
</error>
  </testcase>
  <testcase name="TC_001_US_027 I should be able to login with the data used for registration." classname="US_027	Bir kullanıcı olarak &quot;/signup&quot; sayfasına girdiğimde, sisteme kayıt olabilmeli ve oluşturduğum kayıt ile sisteme giriş yapabilmeliyim." time="19.304"/>
  <testcase name=" #1" classname="US_031	Bir kullanıcı olarak &quot;Ev Değişimi&quot; ilan oluşturma sayfasında, 1. stepte &quot;Ev Tipi&quot; bilgisini girebilmeliyim." time="14.892"/>
  <testcase name=" #2" classname="US_031	Bir kullanıcı olarak &quot;Ev Değişimi&quot; ilan oluşturma sayfasında, 1. stepte &quot;Ev Tipi&quot; bilgisini girebilmeliyim." time="14.652"/>
  <testcase name=" #3" classname="US_031	Bir kullanıcı olarak &quot;Ev Değişimi&quot; ilan oluşturma sayfasında, 1. stepte &quot;Ev Tipi&quot; bilgisini girebilmeliyim." time="15.243"/>
  <testcase name=" #1" classname="US_032	Bir kullanıcı olarak &quot;Ev Değişimi&quot; ilan oluşturma sayfasında, 1. stepten 2. stepe geçiş yapabilmeliyim." time="15.892"/>
  <testcase name=" #2" classname="US_032	Bir kullanıcı olarak &quot;Ev Değişimi&quot; ilan oluşturma sayfasında, 1. stepten 2. stepe geçiş yapabilmeliyim." time="15.261"/>
  <testcase name=" #3" classname="US_032	Bir kullanıcı olarak &quot;Ev Değişimi&quot; ilan oluşturma sayfasında, 1. stepten 2. stepe geçiş yapabilmeliyim." time="15.757"/>
  <testcase name="TC_001_US_053_i should be able to add up to ten photos" classname="US_053	Bir kullanıcı olarak &quot;Ev Değişimi&quot; ilan oluşturma sayfasında, 10. stepte en az 5 en fazla 10 tane resim ekleyebilmeliyim." time="23.386"/>
  <testcase name="TC_002_US_053_i should be able to add at least five photos" classname="US_053	Bir kullanıcı olarak &quot;Ev Değişimi&quot; ilan oluşturma sayfasında, 10. stepte en az 5 en fazla 10 tane resim ekleyebilmeliyim." time="22.357"/>
  <testcase name="TC_003_US_053_ &quot;Resimleri Kaydet&quot; button should be clickable after adding five photos" classname="US_053	Bir kullanıcı olarak &quot;Ev Değişimi&quot; ilan oluşturma sayfasında, 10. stepte en az 5 en fazla 10 tane resim ekleyebilmeliyim." time="22.443"/>
  <testcase name="TC_001_US_055 and TC_002_US_055 #1" classname="US_055	Bir kullanıcı olarak &quot;Ev Değişimi&quot; ilan oluşturma sayfasında, ilk adım hariç diğer adımlarda geriye dönebilmeliyim." time="30.504"/>
  <testcase name="TC_001_US_055 and TC_002_US_055 #2" classname="US_055	Bir kullanıcı olarak &quot;Ev Değişimi&quot; ilan oluşturma sayfasında, ilk adım hariç diğer adımlarda geriye dönebilmeliyim." time="30.157"/>
  <testcase name="TC_001_US_055 and TC_002_US_055 #3" classname="US_055	Bir kullanıcı olarak &quot;Ev Değişimi&quot; ilan oluşturma sayfasında, ilk adım hariç diğer adımlarda geriye dönebilmeliyim." time="30.732"/>
  <testcase name="TC_001_US_007	&quot;Popüler İlanlar&quot; should be visible." classname="US_007	Bir kullanıcı olarak ana sayfaya girdiğimde, &quot;Popüler İlanlar&quot; bölümünü görebilmeliyim." time="9.128"/>
  <testcase name="TC_002_US_007 &quot;Ev Değişimi&quot;, &quot;Oda Kirala&quot; and &quot;Bed &amp; Breakfast&quot; should be located." classname="US_007	Bir kullanıcı olarak ana sayfaya girdiğimde, &quot;Popüler İlanlar&quot; bölümünü görebilmeliyim." time="9.389"/>
  <testcase name="TC_003_US_007	&quot;Ev Değişimi&quot;, &quot;Oda Kirala&quot; and &quot;Bed &amp; Breakfast&quot; should be clickable." classname="US_007	Bir kullanıcı olarak ana sayfaya girdiğimde, &quot;Popüler İlanlar&quot; bölümünü görebilmeliyim." time="9.603"/>
  <testcase name="TC_004_US_007	&quot;Ev Değişimi&quot;, &quot;Oda Kirala&quot; and &quot;Bed &amp; Breakfast&quot; should contain only its own posts. #1" classname="US_007	Bir kullanıcı olarak ana sayfaya girdiğimde, &quot;Popüler İlanlar&quot; bölümünü görebilmeliyim." time="10.05"/>
  <testcase name="TC_004_US_007	&quot;Ev Değişimi&quot;, &quot;Oda Kirala&quot; and &quot;Bed &amp; Breakfast&quot; should contain only its own posts. #2" classname="US_007	Bir kullanıcı olarak ana sayfaya girdiğimde, &quot;Popüler İlanlar&quot; bölümünü görebilmeliyim." time="19.255"/>
  <testcase name="TC_004_US_007	&quot;Ev Değişimi&quot;, &quot;Oda Kirala&quot; and &quot;Bed &amp; Breakfast&quot; should contain only its own posts. #3" classname="US_007	Bir kullanıcı olarak ana sayfaya girdiğimde, &quot;Popüler İlanlar&quot; bölümünü görebilmeliyim." time="19.356"/>
  <testcase name="TC_001_US_082_positive" classname="US_082	Bir kullanıcı olarak &quot;/api/user/account&quot; sayfasına &quot;post&quot; tipinde bağlandığımda gönderdiğim bilgiler ile kullanıcı oluşturulmalıdır." time="3.05"/>
  <testcase name="TC_002_US_082_negative1" classname="US_082	Bir kullanıcı olarak &quot;/api/user/account&quot; sayfasına &quot;post&quot; tipinde bağlandığımda gönderdiğim bilgiler ile kullanıcı oluşturulmalıdır." time="0.532"/>
  <testcase name="TC_003_US_082_negative2" classname="US_082	Bir kullanıcı olarak &quot;/api/user/account&quot; sayfasına &quot;post&quot; tipinde bağlandığımda gönderdiğim bilgiler ile kullanıcı oluşturulmalıdır." time="0.832"/>
  <testcase name="TC_001_US_093" classname="US_093	Bir kullanıcı olarak &quot;/api/homes/homepage/ilans&quot; sayfasına &quot;get&quot; tipinde bağlandığımda popüler ev ilanlarını görebilmeliyim.." time="2.222"/>
  <testcase name="TC_001_US_094_positive" classname="US_094	Bir kullanıcı olarak &quot;/api/rooms&quot; sayfasına &quot;post&quot; tipinde bağlandığımda gönderilen bilgiler ile yeni bir oda değişimi ilanı oluşturabilmeylim." time="0.5"/>
  <testcase name="TC_001_US_094_negative1 - without secret_token" classname="US_094	Bir kullanıcı olarak &quot;/api/rooms&quot; sayfasına &quot;post&quot; tipinde bağlandığımda gönderilen bilgiler ile yeni bir oda değişimi ilanı oluşturabilmeylim." time="1.27"/>
  <testcase name="TC_001_US_094_negative2 - without one required data #1" classname="US_094	Bir kullanıcı olarak &quot;/api/rooms&quot; sayfasına &quot;post&quot; tipinde bağlandığımda gönderilen bilgiler ile yeni bir oda değişimi ilanı oluşturabilmeylim." time="1.449"/>
  <testcase name="TC_001_US_094_negative2 - without one required data #2" classname="US_094	Bir kullanıcı olarak &quot;/api/rooms&quot; sayfasına &quot;post&quot; tipinde bağlandığımda gönderilen bilgiler ile yeni bir oda değişimi ilanı oluşturabilmeylim." time="1.502"/>
  <testcase name="TC_001_US_094_negative2 - without one required data #3" classname="US_094	Bir kullanıcı olarak &quot;/api/rooms&quot; sayfasına &quot;post&quot; tipinde bağlandığımda gönderilen bilgiler ile yeni bir oda değişimi ilanı oluşturabilmeylim." time="1.465"/>
  <testcase name="TC_001_US_094_negative2 - without one required data #4" classname="US_094	Bir kullanıcı olarak &quot;/api/rooms&quot; sayfasına &quot;post&quot; tipinde bağlandığımda gönderilen bilgiler ile yeni bir oda değişimi ilanı oluşturabilmeylim." time="1.442"/>
  <testcase name="TC_001_US_094_negative2 - without one required data #5" classname="US_094	Bir kullanıcı olarak &quot;/api/rooms&quot; sayfasına &quot;post&quot; tipinde bağlandığımda gönderilen bilgiler ile yeni bir oda değişimi ilanı oluşturabilmeylim." time="1.461"/>
  <testcase name="TC_001_US_094_negative2 - without one required data #6" classname="US_094	Bir kullanıcı olarak &quot;/api/rooms&quot; sayfasına &quot;post&quot; tipinde bağlandığımda gönderilen bilgiler ile yeni bir oda değişimi ilanı oluşturabilmeylim." time="1.479"/>
  <testcase name="TC_001_US_094_negative2 - without one required data #7" classname="US_094	Bir kullanıcı olarak &quot;/api/rooms&quot; sayfasına &quot;post&quot; tipinde bağlandığımda gönderilen bilgiler ile yeni bir oda değişimi ilanı oluşturabilmeylim." time="1.486"/>
  <testcase name="TC_001_US_094_negative2 - without one required data #8" classname="US_094	Bir kullanıcı olarak &quot;/api/rooms&quot; sayfasına &quot;post&quot; tipinde bağlandığımda gönderilen bilgiler ile yeni bir oda değişimi ilanı oluşturabilmeylim." time="1.718"/>
  <testcase name="TC_001_US_094_negative2 - without one required data #9" classname="US_094	Bir kullanıcı olarak &quot;/api/rooms&quot; sayfasına &quot;post&quot; tipinde bağlandığımda gönderilen bilgiler ile yeni bir oda değişimi ilanı oluşturabilmeylim." time="1.64"/>
  <testcase name="TC_001_US_094_negative2 - without one required data #10" classname="US_094	Bir kullanıcı olarak &quot;/api/rooms&quot; sayfasına &quot;post&quot; tipinde bağlandığımda gönderilen bilgiler ile yeni bir oda değişimi ilanı oluşturabilmeylim." time="1.565"/>
  <testcase name="TC_001_US_094_negative2 - without one required data #11" classname="US_094	Bir kullanıcı olarak &quot;/api/rooms&quot; sayfasına &quot;post&quot; tipinde bağlandığımda gönderilen bilgiler ile yeni bir oda değişimi ilanı oluşturabilmeylim." time="1.624"/>
  <testcase name="TC_001_US_094_negative2 - without one required data #12" classname="US_094	Bir kullanıcı olarak &quot;/api/rooms&quot; sayfasına &quot;post&quot; tipinde bağlandığımda gönderilen bilgiler ile yeni bir oda değişimi ilanı oluşturabilmeylim." time="1.633"/>
  <testcase name="TC_001_US_094_negative2 - without one required data #13" classname="US_094	Bir kullanıcı olarak &quot;/api/rooms&quot; sayfasına &quot;post&quot; tipinde bağlandığımda gönderilen bilgiler ile yeni bir oda değişimi ilanı oluşturabilmeylim." time="1.587"/>
  <testcase name="TC_001_US_094_negative2 - without one required data #14" classname="US_094	Bir kullanıcı olarak &quot;/api/rooms&quot; sayfasına &quot;post&quot; tipinde bağlandığımda gönderilen bilgiler ile yeni bir oda değişimi ilanı oluşturabilmeylim." time="1.502"/>
  <testcase name="TC_001_US_094_negative2 - without one required data #15" classname="US_094	Bir kullanıcı olarak &quot;/api/rooms&quot; sayfasına &quot;post&quot; tipinde bağlandığımda gönderilen bilgiler ile yeni bir oda değişimi ilanı oluşturabilmeylim." time="1.449"/>
  <testcase name="TC_001_US_094_negative2 - without one required data #16" classname="US_094	Bir kullanıcı olarak &quot;/api/rooms&quot; sayfasına &quot;post&quot; tipinde bağlandığımda gönderilen bilgiler ile yeni bir oda değişimi ilanı oluşturabilmeylim." time="1.637"/>
  <testcase name="TC_001_US_094_negative2 - without one required data #17" classname="US_094	Bir kullanıcı olarak &quot;/api/rooms&quot; sayfasına &quot;post&quot; tipinde bağlandığımda gönderilen bilgiler ile yeni bir oda değişimi ilanı oluşturabilmeylim." time="1.533"/>
  <testcase name="TC_001_US_094_negative2 - without one required data #18" classname="US_094	Bir kullanıcı olarak &quot;/api/rooms&quot; sayfasına &quot;post&quot; tipinde bağlandığımda gönderilen bilgiler ile yeni bir oda değişimi ilanı oluşturabilmeylim." time="1.486"/>
  <testcase name="TC_001_US_094_negative2 - without one required data #19" classname="US_094	Bir kullanıcı olarak &quot;/api/rooms&quot; sayfasına &quot;post&quot; tipinde bağlandığımda gönderilen bilgiler ile yeni bir oda değişimi ilanı oluşturabilmeylim." time="1.418"/>
  <testcase name="TC_001_US_094_negative2 - without one required data #20" classname="US_094	Bir kullanıcı olarak &quot;/api/rooms&quot; sayfasına &quot;post&quot; tipinde bağlandığımda gönderilen bilgiler ile yeni bir oda değişimi ilanı oluşturabilmeylim." time="1.402"/>
  <testcase name="TC_001_US_094_negative2 - without one required data #21" classname="US_094	Bir kullanıcı olarak &quot;/api/rooms&quot; sayfasına &quot;post&quot; tipinde bağlandığımda gönderilen bilgiler ile yeni bir oda değişimi ilanı oluşturabilmeylim." time="1.586"/>
  <testcase name="TC_001_US_094_negative2 - without one required data #22" classname="US_094	Bir kullanıcı olarak &quot;/api/rooms&quot; sayfasına &quot;post&quot; tipinde bağlandığımda gönderilen bilgiler ile yeni bir oda değişimi ilanı oluşturabilmeylim." time="1.402"/>
  <testcase name="TC_001_US_094_negative2 - without one required data #23" classname="US_094	Bir kullanıcı olarak &quot;/api/rooms&quot; sayfasına &quot;post&quot; tipinde bağlandığımda gönderilen bilgiler ile yeni bir oda değişimi ilanı oluşturabilmeylim." time="1.541"/>
  <testcase name="TC_001_US_094_negative2 - without one required data #24" classname="US_094	Bir kullanıcı olarak &quot;/api/rooms&quot; sayfasına &quot;post&quot; tipinde bağlandığımda gönderilen bilgiler ile yeni bir oda değişimi ilanı oluşturabilmeylim." time="1.478"/>
  <testcase name="TC_001_US_094_negative2 - without one required data #25" classname="US_094	Bir kullanıcı olarak &quot;/api/rooms&quot; sayfasına &quot;post&quot; tipinde bağlandığımda gönderilen bilgiler ile yeni bir oda değişimi ilanı oluşturabilmeylim." time="1.464"/>
  <testcase name="TC_001_US_094_negative2 - without one required data #26" classname="US_094	Bir kullanıcı olarak &quot;/api/rooms&quot; sayfasına &quot;post&quot; tipinde bağlandığımda gönderilen bilgiler ile yeni bir oda değişimi ilanı oluşturabilmeylim." time="1.503"/>
  <testcase name="TC_001_US_094_negative2 - without one required data #27" classname="US_094	Bir kullanıcı olarak &quot;/api/rooms&quot; sayfasına &quot;post&quot; tipinde bağlandığımda gönderilen bilgiler ile yeni bir oda değişimi ilanı oluşturabilmeylim." time="1.622"/>
  <testcase name="TC_001_US_094_negative2 - without one required data #28" classname="US_094	Bir kullanıcı olarak &quot;/api/rooms&quot; sayfasına &quot;post&quot; tipinde bağlandığımda gönderilen bilgiler ile yeni bir oda değişimi ilanı oluşturabilmeylim." time="1.549"/>
  <testcase name="TC_001_US_094_negative2 - without one required data #29" classname="US_094	Bir kullanıcı olarak &quot;/api/rooms&quot; sayfasına &quot;post&quot; tipinde bağlandığımda gönderilen bilgiler ile yeni bir oda değişimi ilanı oluşturabilmeylim." time="1.556"/>
  <testcase name="TC_001_US_094_negative2 - without one required data #30" classname="US_094	Bir kullanıcı olarak &quot;/api/rooms&quot; sayfasına &quot;post&quot; tipinde bağlandığımda gönderilen bilgiler ile yeni bir oda değişimi ilanı oluşturabilmeylim." time="1.517"/>
  <testcase name="TC_001_US_094_negative2 - without one required data #31" classname="US_094	Bir kullanıcı olarak &quot;/api/rooms&quot; sayfasına &quot;post&quot; tipinde bağlandığımda gönderilen bilgiler ile yeni bir oda değişimi ilanı oluşturabilmeylim." time="1.649"/>
  <testcase name="TC_001_US_094_negative2 - without one required data #32" classname="US_094	Bir kullanıcı olarak &quot;/api/rooms&quot; sayfasına &quot;post&quot; tipinde bağlandığımda gönderilen bilgiler ile yeni bir oda değişimi ilanı oluşturabilmeylim." time="2.097"/>
  <testcase name="TC_001_US_094_negative2 - without one required data #33" classname="US_094	Bir kullanıcı olarak &quot;/api/rooms&quot; sayfasına &quot;post&quot; tipinde bağlandığımda gönderilen bilgiler ile yeni bir oda değişimi ilanı oluşturabilmeylim." time="1.517"/>
  <testcase name="TC_001_US_094_negative2 - without one required data #34" classname="US_094	Bir kullanıcı olarak &quot;/api/rooms&quot; sayfasına &quot;post&quot; tipinde bağlandığımda gönderilen bilgiler ile yeni bir oda değişimi ilanı oluşturabilmeylim." time="1.648"/>
  <testcase name="TC_001_US_094_negative2 - without one required data #35" classname="US_094	Bir kullanıcı olarak &quot;/api/rooms&quot; sayfasına &quot;post&quot; tipinde bağlandığımda gönderilen bilgiler ile yeni bir oda değişimi ilanı oluşturabilmeylim." time="1.555"/>
  <testcase name="TC_001_US_094_negative2 - without one required data #36" classname="US_094	Bir kullanıcı olarak &quot;/api/rooms&quot; sayfasına &quot;post&quot; tipinde bağlandığımda gönderilen bilgiler ile yeni bir oda değişimi ilanı oluşturabilmeylim." time="1.77"/>
  <testcase name="TC_001_US_094_negative2 - without one required data #37" classname="US_094	Bir kullanıcı olarak &quot;/api/rooms&quot; sayfasına &quot;post&quot; tipinde bağlandığımda gönderilen bilgiler ile yeni bir oda değişimi ilanı oluşturabilmeylim." time="1.503"/>
  <testcase name="TC_001_US_094_negative2 - without one required data #38" classname="US_094	Bir kullanıcı olarak &quot;/api/rooms&quot; sayfasına &quot;post&quot; tipinde bağlandığımda gönderilen bilgiler ile yeni bir oda değişimi ilanı oluşturabilmeylim." time="1.401"/>
  <testcase name="TC_001_US_094_negative2 - without one required data #39" classname="US_094	Bir kullanıcı olarak &quot;/api/rooms&quot; sayfasına &quot;post&quot; tipinde bağlandığımda gönderilen bilgiler ile yeni bir oda değişimi ilanı oluşturabilmeylim." time="1.466"/>
  <testcase name="TC_001_US_094_negative2 - without one required data #40" classname="US_094	Bir kullanıcı olarak &quot;/api/rooms&quot; sayfasına &quot;post&quot; tipinde bağlandığımda gönderilen bilgiler ile yeni bir oda değişimi ilanı oluşturabilmeylim." time="1.57"/>
  <testcase name="TC_001_US_094_negative2 - without one required data #41" classname="US_094	Bir kullanıcı olarak &quot;/api/rooms&quot; sayfasına &quot;post&quot; tipinde bağlandığımda gönderilen bilgiler ile yeni bir oda değişimi ilanı oluşturabilmeylim." time="1.534"/>
  <testcase name="TC_001_US_094_negative2 - without one required data #42" classname="US_094	Bir kullanıcı olarak &quot;/api/rooms&quot; sayfasına &quot;post&quot; tipinde bağlandığımda gönderilen bilgiler ile yeni bir oda değişimi ilanı oluşturabilmeylim." time="1.486"/>
  <testcase name="TC_001_US_094_negative2 - without one required data #43" classname="US_094	Bir kullanıcı olarak &quot;/api/rooms&quot; sayfasına &quot;post&quot; tipinde bağlandığımda gönderilen bilgiler ile yeni bir oda değişimi ilanı oluşturabilmeylim." time="1.426"/>
  <testcase name="TC_001_US_094_negative2 - without one required data #44" classname="US_094	Bir kullanıcı olarak &quot;/api/rooms&quot; sayfasına &quot;post&quot; tipinde bağlandığımda gönderilen bilgiler ile yeni bir oda değişimi ilanı oluşturabilmeylim." time="1.538"/>
  <testcase name="TC_001_US_094_negative2 - without one required data #45" classname="US_094	Bir kullanıcı olarak &quot;/api/rooms&quot; sayfasına &quot;post&quot; tipinde bağlandığımda gönderilen bilgiler ile yeni bir oda değişimi ilanı oluşturabilmeylim." time="1.457"/>
  <testcase name="TC_001_US_094_negative2 - without one required data #46" classname="US_094	Bir kullanıcı olarak &quot;/api/rooms&quot; sayfasına &quot;post&quot; tipinde bağlandığımda gönderilen bilgiler ile yeni bir oda değişimi ilanı oluşturabilmeylim." time="1.439"/>
  <testcase name="TC_001_US_094_negative2 - without one required data #47" classname="US_094	Bir kullanıcı olarak &quot;/api/rooms&quot; sayfasına &quot;post&quot; tipinde bağlandığımda gönderilen bilgiler ile yeni bir oda değişimi ilanı oluşturabilmeylim." time="1.465"/>
  <testcase name="TC_001_US_094_negative2 - without one required data #48" classname="US_094	Bir kullanıcı olarak &quot;/api/rooms&quot; sayfasına &quot;post&quot; tipinde bağlandığımda gönderilen bilgiler ile yeni bir oda değişimi ilanı oluşturabilmeylim." time="1.315"/>
  <testcase name="TC_001_US_094_negative2 - without one required data #49" classname="US_094	Bir kullanıcı olarak &quot;/api/rooms&quot; sayfasına &quot;post&quot; tipinde bağlandığımda gönderilen bilgiler ile yeni bir oda değişimi ilanı oluşturabilmeylim." time="1.739"/>
  <testcase name="TC_001_US_094_negative2 - without one required data #50" classname="US_094	Bir kullanıcı olarak &quot;/api/rooms&quot; sayfasına &quot;post&quot; tipinde bağlandığımda gönderilen bilgiler ile yeni bir oda değişimi ilanı oluşturabilmeylim." time="1.47"/>
  <testcase name="TC_001_US_094_negative2 - without one required data #51" classname="US_094	Bir kullanıcı olarak &quot;/api/rooms&quot; sayfasına &quot;post&quot; tipinde bağlandığımda gönderilen bilgiler ile yeni bir oda değişimi ilanı oluşturabilmeylim." time="1.467"/>
  <testcase name="TC_001_US_094_negative2 - without one required data #52" classname="US_094	Bir kullanıcı olarak &quot;/api/rooms&quot; sayfasına &quot;post&quot; tipinde bağlandığımda gönderilen bilgiler ile yeni bir oda değişimi ilanı oluşturabilmeylim." time="1.533"/>
  <testcase name="TC_001_US_094_negative2 - without one required data #53" classname="US_094	Bir kullanıcı olarak &quot;/api/rooms&quot; sayfasına &quot;post&quot; tipinde bağlandığımda gönderilen bilgiler ile yeni bir oda değişimi ilanı oluşturabilmeylim." time="1.538"/>
  <testcase name="TC_001_US_094_negative2 - without one required data #54" classname="US_094	Bir kullanıcı olarak &quot;/api/rooms&quot; sayfasına &quot;post&quot; tipinde bağlandığımda gönderilen bilgiler ile yeni bir oda değişimi ilanı oluşturabilmeylim." time="1.533"/>
  <testcase name="TC_001_US_094_negative2 - without one required data #55" classname="US_094	Bir kullanıcı olarak &quot;/api/rooms&quot; sayfasına &quot;post&quot; tipinde bağlandığımda gönderilen bilgiler ile yeni bir oda değişimi ilanı oluşturabilmeylim." time="1.54"/>
  <testcase name="TC_001_US_094_negative2 - without one required data #56" classname="US_094	Bir kullanıcı olarak &quot;/api/rooms&quot; sayfasına &quot;post&quot; tipinde bağlandığımda gönderilen bilgiler ile yeni bir oda değişimi ilanı oluşturabilmeylim." time="1.535"/>
  <testcase name="TC_001_US_012 sifremi unuttum should be visible and enabled" classname="US_12 Bir kullanıcı olarak &quot;/login&quot; sayfasına girdiğimde, şifremi unuttum bölümüne ulaşabilmeliyim" time="8.826"/>
  <testcase name="TC_002_US_012 sifremi unuttum should be underlined" classname="US_12 Bir kullanıcı olarak &quot;/login&quot; sayfasına girdiğimde, şifremi unuttum bölümüne ulaşabilmeliyim" time="8.686"/>
  <testcase name="TC_003_US_012 sifremi unuttum should redirect to the &quot;http://test.kese.nl/forgot_password&quot;" classname="US_12 Bir kullanıcı olarak &quot;/login&quot; sayfasına girdiğimde, şifremi unuttum bölümüne ulaşabilmeliyim" time="9.57"/>
  <testcase name="TC_001_US_021 and TC_002_US_021" classname="US_021	Bir kullanıcı olarak &quot;/signup&quot; sayfasına girdiğimde, kullanıcı kaydı oluşturmak için aynı şifreyi 2 kez girmeliyim." time="11.576"/>
  <testcase name="TC_001_US_022 and TC_002_US_022 #1" classname="US_022	Bir kullanıcı olarak &quot;/forgot_password&quot; sayfasına girdiğimde, email adresime şifre sıfırlama linki gönderebilmeliyim." time="9.139"/>
  <testcase name="TC_001_US_022 and TC_002_US_022 #2" classname="US_022	Bir kullanıcı olarak &quot;/forgot_password&quot; sayfasına girdiğimde, email adresime şifre sıfırlama linki gönderebilmeliyim." time="9.241"/>
  <testcase name="TC_001_US_096" classname="US_096	Bir kullanıcı olarak &quot;/api/rooms/{id}&quot; sayfasına &quot;delete&quot; tipinde bağlandığımda ilanı sistemden kaldırabilmeliyim." time="2.641"/>
</testsuite>